# JRE version: OpenJDK Runtime Environment (17.0.6) (build 17.0.6+0-b2043.56-10027231)
# Java VM: OpenJDK 64-Bit Server VM (17.0.6+0-b2043.56-10027231, mixed mode, tiered, compressed oops, compressed class ptrs, g1 gc, windows-amd64)
GC Precious Log:
 CPUs: 12 total, 12 available
 Memory: 16108M
 Large Page Support: Disabled
 NUMA Support: Disabled
 Compressed Oops: Enabled (32-bit)
 Heap Region Size: 1M
 Heap Min Capacity: 8M
 Heap Initial Capacity: 252M
 Heap Max Capacity: 2G
 Pre-touch: Disabled
 Parallel Workers: 10
 Concurrent Workers: 3
 Concurrent Refinement Workers: 10
 Periodic GC: Disabled
Heap:
 garbage-first heap   total 248832K, used 77757K [0x0000000080000000, 0x0000000100000000)
  region size 1024K, 14 young (14336K), 3 survivors (3072K)
 Metaspace       used 51719K, committed 52288K, reserved 1097728K
  class space    used 6867K, committed 7104K, reserved 1048576K
GC Heap History (20 events):
Event: 4.125 GC heap before
{Heap before GC invocations=9 (full 0):
 garbage-first heap   total 81920K, used 52662K [0x0000000080000000, 0x0000000100000000)
  region size 1024K, 8 young (8192K), 1 survivors (1024K)
 Metaspace       used 30187K, committed 30528K, reserved 1081344K
  class space    used 4122K, committed 4288K, reserved 1048576K
}
Event: 4.127 GC heap after
{Heap after GC invocations=10 (full 0):
 garbage-first heap   total 81920K, used 48327K [0x0000000080000000, 0x0000000100000000)
  region size 1024K, 1 young (1024K), 1 survivors (1024K)
 Metaspace       used 30187K, committed 30528K, reserved 1081344K
  class space    used 4122K, committed 4288K, reserved 1048576K
}
Event: 4.194 GC heap before
{Heap before GC invocations=10 (full 0):
 garbage-first heap   total 81920K, used 50375K [0x0000000080000000, 0x0000000100000000)
  region size 1024K, 4 young (4096K), 1 survivors (1024K)
 Metaspace       used 30694K, committed 31040K, reserved 1081344K
  class space    used 4182K, committed 4352K, reserved 1048576K
}
Event: 4.195 GC heap after
{Heap after GC invocations=11 (full 0):
 garbage-first heap   total 81920K, used 48448K [0x0000000080000000, 0x0000000100000000)
  region size 1024K, 1 young (1024K), 1 survivors (1024K)
 Metaspace       used 30694K, committed 31040K, reserved 1081344K
  class space    used 4182K, committed 4352K, reserved 1048576K
}
Event: 4.526 GC heap before
{Heap before GC invocations=11 (full 0):
 garbage-first heap   total 81920K, used 62784K [0x0000000080000000, 0x0000000100000000)
  region size 1024K, 15 young (15360K), 1 survivors (1024K)
 Metaspace       used 32600K, committed 32960K, reserved 1081344K
  class space    used 4509K, committed 4672K, reserved 1048576K
}
Event: 4.528 GC heap after
{Heap after GC invocations=12 (full 0):
 garbage-first heap   total 119808K, used 49124K [0x0000000080000000, 0x0000000100000000)
  region size 1024K, 1 young (1024K), 1 survivors (1024K)
 Metaspace       used 32600K, committed 32960K, reserved 1081344K
  class space    used 4509K, committed 4672K, reserved 1048576K
}
Event: 5.355 GC heap before
{Heap before GC invocations=13 (full 0):
 garbage-first heap   total 119808K, used 88036K [0x0000000080000000, 0x0000000100000000)
  region size 1024K, 40 young (40960K), 1 survivors (1024K)
 Metaspace       used 41486K, committed 41920K, reserved 1089536K
  class space    used 5566K, committed 5760K, reserved 1048576K
}
Event: 5.360 GC heap after
{Heap after GC invocations=14 (full 0):
 garbage-first heap   total 119808K, used 53190K [0x0000000080000000, 0x0000000100000000)
  region size 1024K, 5 young (5120K), 5 survivors (5120K)
 Metaspace       used 41486K, committed 41920K, reserved 1089536K
  class space    used 5566K, committed 5760K, reserved 1048576K
}
Event: 5.375 GC heap before
{Heap before GC invocations=14 (full 0):
 garbage-first heap   total 119808K, used 54214K [0x0000000080000000, 0x0000000100000000)
  region size 1024K, 6 young (6144K), 5 survivors (5120K)
 Metaspace       used 41664K, committed 42048K, reserved 1089536K
  class space    used 5581K, committed 5760K, reserved 1048576K
}
Event: 5.379 GC heap after
{Heap after GC invocations=15 (full 0):
 garbage-first heap   total 119808K, used 52832K [0x0000000080000000, 0x0000000100000000)
  region size 1024K, 1 young (1024K), 1 survivors (1024K)
 Metaspace       used 41664K, committed 42048K, reserved 1089536K
  class space    used 5581K, committed 5760K, reserved 1048576K
}
Event: 5.514 GC heap before
{Heap before GC invocations=15 (full 0):
 garbage-first heap   total 119808K, used 73312K [0x0000000080000000, 0x0000000100000000)
  region size 1024K, 23 young (23552K), 1 survivors (1024K)
 Metaspace       used 42185K, committed 42624K, reserved 1089536K
  class space    used 5627K, committed 5824K, reserved 1048576K
}
Event: 5.517 GC heap after
{Heap after GC invocations=16 (full 0):
 garbage-first heap   total 119808K, used 54829K [0x0000000080000000, 0x0000000100000000)
  region size 1024K, 3 young (3072K), 3 survivors (3072K)
 Metaspace       used 42185K, committed 42624K, reserved 1089536K
  class space    used 5627K, committed 5824K, reserved 1048576K
}
Event: 6.229 GC heap before
{Heap before GC invocations=17 (full 0):
 garbage-first heap   total 119808K, used 101933K [0x0000000080000000, 0x0000000100000000)
  region size 1024K, 40 young (40960K), 3 survivors (3072K)
 Metaspace       used 46913K, committed 47360K, reserved 1097728K
  class space    used 6243K, committed 6464K, reserved 1048576K
}
Event: 6.234 GC heap after
{Heap after GC invocations=18 (full 0):
 garbage-first heap   total 119808K, used 65133K [0x0000000080000000, 0x0000000100000000)
  region size 1024K, 5 young (5120K), 5 survivors (5120K)
 Metaspace       used 46913K, committed 47360K, reserved 1097728K
  class space    used 6243K, committed 6464K, reserved 1048576K
}
Event: 6.244 GC heap before
{Heap before GC invocations=18 (full 0):
 garbage-first heap   total 119808K, used 66157K [0x0000000080000000, 0x0000000100000000)
  region size 1024K, 6 young (6144K), 5 survivors (5120K)
 Metaspace       used 46995K, committed 47488K, reserved 1097728K
  class space    used 6248K, committed 6464K, reserved 1048576K
}
Event: 6.248 GC heap after
{Heap after GC invocations=19 (full 0):
 garbage-first heap   total 119808K, used 65721K [0x0000000080000000, 0x0000000100000000)
  region size 1024K, 1 young (1024K), 1 survivors (1024K)
 Metaspace       used 46995K, committed 47488K, reserved 1097728K
  class space    used 6248K, committed 6464K, reserved 1048576K
}
Event: 6.297 GC heap before
{Heap before GC invocations=19 (full 0):
 garbage-first heap   total 119808K, used 68793K [0x0000000080000000, 0x0000000100000000)
  region size 1024K, 5 young (5120K), 1 survivors (1024K)
 Metaspace       used 47348K, committed 47808K, reserved 1097728K
  class space    used 6277K, committed 6464K, reserved 1048576K
}
Event: 6.299 GC heap after
{Heap after GC invocations=20 (full 0):
 garbage-first heap   total 119808K, used 66124K [0x0000000080000000, 0x0000000100000000)
  region size 1024K, 1 young (1024K), 1 survivors (1024K)
 Metaspace       used 47348K, committed 47808K, reserved 1097728K
  class space    used 6277K, committed 6464K, reserved 1048576K
}
Event: 6.711 GC heap before
{Heap before GC invocations=21 (full 0):
 garbage-first heap   total 119808K, used 96844K [0x0000000080000000, 0x0000000100000000)
  region size 1024K, 30 young (30720K), 1 survivors (1024K)
 Metaspace       used 49991K, committed 50560K, reserved 1097728K
  class space    used 6566K, committed 6784K, reserved 1048576K
}
Event: 6.715 GC heap after
{Heap after GC invocations=22 (full 0):
 garbage-first heap   total 248832K, used 67517K [0x0000000080000000, 0x0000000100000000)
  region size 1024K, 3 young (3072K), 3 survivors (3072K)
 Metaspace       used 49991K, committed 50560K, reserved 1097728K
  class space    used 6566K, committed 6784K, reserved 1048576K
}

